<?xml version="1.0" encoding="UTF-8"?>
<robot generator="Robot 5.0.1 (Python 3.10.6 on win32)" generated="20220819 10:21:06.413" rpa="false" schemaversion="3">
<suite id="s1" name="3 0 Make Appoiment Dd" source="E:\Github\RobotFramework-CURA-demo\Test_suite\3_0_make_appoiment_dd.robot">
<test id="s1-t1" name="Comment_1" line="10">
<kw name="Make_Appoiment">
<arg>comment 1</arg>
<kw name="Open_n_login" library="open_n_login">
<kw name="Open Browser" library="SeleniumLibrary">
<arg>https://katalon-demo-cura.herokuapp.com/</arg>
<arg>chrome</arg>
<doc>Opens a new browser instance to the optional ``url``.</doc>
<msg timestamp="20220819 10:21:06.562" level="INFO">Opening browser 'chrome' to base url 'https://katalon-demo-cura.herokuapp.com/'.</msg>
<status status="PASS" starttime="20220819 10:21:06.562" endtime="20220819 10:21:10.476"/>
</kw>
<kw name="Click Element" library="SeleniumLibrary">
<arg>xpath=//*[@id="btn-make-appointment"]</arg>
<doc>Click the element identified by ``locator``.</doc>
<msg timestamp="20220819 10:21:10.476" level="INFO">Clicking element 'xpath=//*[@id="btn-make-appointment"]'.</msg>
<status status="PASS" starttime="20220819 10:21:10.476" endtime="20220819 10:21:10.839"/>
</kw>
<kw name="Input Text" library="SeleniumLibrary">
<arg>xpath=//*[@id="txt-username"]</arg>
<arg>John Doe</arg>
<doc>Types the given ``text`` into the text field identified by ``locator``.</doc>
<msg timestamp="20220819 10:21:10.839" level="INFO">Typing text 'John Doe' into text field 'xpath=//*[@id="txt-username"]'.</msg>
<status status="PASS" starttime="20220819 10:21:10.839" endtime="20220819 10:21:10.888"/>
</kw>
<kw name="Input Text" library="SeleniumLibrary">
<arg>xpath=//*[@id="txt-password"]</arg>
<arg>ThisIsNotAPassword</arg>
<doc>Types the given ``text`` into the text field identified by ``locator``.</doc>
<msg timestamp="20220819 10:21:10.888" level="INFO">Typing text 'ThisIsNotAPassword' into text field 'xpath=//*[@id="txt-password"]'.</msg>
<status status="PASS" starttime="20220819 10:21:10.888" endtime="20220819 10:21:10.935"/>
</kw>
<kw name="Click Element" library="SeleniumLibrary">
<arg>xpath=//*[@id="btn-login"]</arg>
<doc>Click the element identified by ``locator``.</doc>
<msg timestamp="20220819 10:21:10.935" level="INFO">Clicking element 'xpath=//*[@id="btn-login"]'.</msg>
<status status="PASS" starttime="20220819 10:21:10.935" endtime="20220819 10:21:11.518"/>
</kw>
<status status="PASS" starttime="20220819 10:21:06.562" endtime="20220819 10:21:11.518"/>
</kw>
<kw name="Select From List By Label" library="SeleniumLibrary">
<arg>xpath=//*[@id="combo_facility"]</arg>
<arg>Hongkong CURA Healthcare Center</arg>
<doc>Selects options from selection list ``locator`` by ``labels``.</doc>
<msg timestamp="20220819 10:21:11.518" level="INFO">Selecting options from selection list 'xpath=//*[@id="combo_facility"]' by label Hongkong CURA Healthcare Center.</msg>
<status status="PASS" starttime="20220819 10:21:11.518" endtime="20220819 10:21:11.567"/>
</kw>
<kw name="Click Element" library="SeleniumLibrary">
<arg>xpath=//*[@id="chk_hospotal_readmission"]</arg>
<doc>Click the element identified by ``locator``.</doc>
<msg timestamp="20220819 10:21:11.567" level="INFO">Clicking element 'xpath=//*[@id="chk_hospotal_readmission"]'.</msg>
<status status="PASS" starttime="20220819 10:21:11.567" endtime="20220819 10:21:11.593"/>
</kw>
<kw name="Click Element" library="SeleniumLibrary">
<arg>xpath=//*[@id="radio_program_medicaid"]</arg>
<doc>Click the element identified by ``locator``.</doc>
<msg timestamp="20220819 10:21:11.594" level="INFO">Clicking element 'xpath=//*[@id="radio_program_medicaid"]'.</msg>
<status status="PASS" starttime="20220819 10:21:11.593" endtime="20220819 10:21:11.619"/>
</kw>
<kw name="Click Element" library="SeleniumLibrary">
<arg>xpath=//section[@id="appointment"]/div/div/form/div[4]/div/div/div/span</arg>
<doc>Click the element identified by ``locator``.</doc>
<msg timestamp="20220819 10:21:11.619" level="INFO">Clicking element 'xpath=//section[@id="appointment"]/div/div/form/div[4]/div/div/div/span'.</msg>
<status status="PASS" starttime="20220819 10:21:11.619" endtime="20220819 10:21:11.650"/>
</kw>
<kw name="Click Element" library="SeleniumLibrary">
<arg>xpath=(.//*[normalize-space(text()) and normalize-space(.)="Sa"])[1]/following::td[25]</arg>
<doc>Click the element identified by ``locator``.</doc>
<msg timestamp="20220819 10:21:11.650" level="INFO">Clicking element 'xpath=(.//*[normalize-space(text()) and normalize-space(.)="Sa"])[1]/following::td[25]'.</msg>
<status status="PASS" starttime="20220819 10:21:11.650" endtime="20220819 10:21:11.675"/>
</kw>
<kw name="Input Text" library="SeleniumLibrary">
<arg>xpath=//*[@id="txt_comment"]</arg>
<arg>${comment}</arg>
<doc>Types the given ``text`` into the text field identified by ``locator``.</doc>
<msg timestamp="20220819 10:21:11.675" level="INFO">Typing text 'comment 1' into text field 'xpath=//*[@id="txt_comment"]'.</msg>
<status status="PASS" starttime="20220819 10:21:11.675" endtime="20220819 10:21:11.721"/>
</kw>
<kw name="Click Element" library="SeleniumLibrary">
<arg>xpath=//*[@id="btn-book-appointment"]</arg>
<doc>Click the element identified by ``locator``.</doc>
<msg timestamp="20220819 10:21:11.721" level="INFO">Clicking element 'xpath=//*[@id="btn-book-appointment"]'.</msg>
<status status="PASS" starttime="20220819 10:21:11.721" endtime="20220819 10:21:12.036"/>
</kw>
<kw name="Element Text Should Be" library="SeleniumLibrary">
<arg>xpath=//*[@id="summary"]/div/div/div[1]/h2</arg>
<arg>Appointment Confirmation</arg>
<doc>Verifies that element ``locator`` contains exact the text ``expected``.</doc>
<msg timestamp="20220819 10:21:12.037" level="INFO">Verifying element 'xpath=//*[@id="summary"]/div/div/div[1]/h2' contains exact text 'Appointment Confirmation'.</msg>
<status status="PASS" starttime="20220819 10:21:12.036" endtime="20220819 10:21:12.056"/>
</kw>
<status status="PASS" starttime="20220819 10:21:06.562" endtime="20220819 10:21:12.056"/>
</kw>
<kw name="Make_Appoiment">
<arg>comment 2</arg>
<kw name="Open_n_login" library="open_n_login">
<kw name="Open Browser" library="SeleniumLibrary">
<arg>https://katalon-demo-cura.herokuapp.com/</arg>
<arg>chrome</arg>
<doc>Opens a new browser instance to the optional ``url``.</doc>
<msg timestamp="20220819 10:21:12.057" level="INFO">Opening browser 'chrome' to base url 'https://katalon-demo-cura.herokuapp.com/'.</msg>
<status status="PASS" starttime="20220819 10:21:12.057" endtime="20220819 10:21:15.919"/>
</kw>
<kw name="Click Element" library="SeleniumLibrary">
<arg>xpath=//*[@id="btn-make-appointment"]</arg>
<doc>Click the element identified by ``locator``.</doc>
<msg timestamp="20220819 10:21:15.919" level="INFO">Clicking element 'xpath=//*[@id="btn-make-appointment"]'.</msg>
<status status="PASS" starttime="20220819 10:21:15.919" endtime="20220819 10:21:16.289"/>
</kw>
<kw name="Input Text" library="SeleniumLibrary">
<arg>xpath=//*[@id="txt-username"]</arg>
<arg>John Doe</arg>
<doc>Types the given ``text`` into the text field identified by ``locator``.</doc>
<msg timestamp="20220819 10:21:16.289" level="INFO">Typing text 'John Doe' into text field 'xpath=//*[@id="txt-username"]'.</msg>
<status status="PASS" starttime="20220819 10:21:16.289" endtime="20220819 10:21:16.341"/>
</kw>
<kw name="Input Text" library="SeleniumLibrary">
<arg>xpath=//*[@id="txt-password"]</arg>
<arg>ThisIsNotAPassword</arg>
<doc>Types the given ``text`` into the text field identified by ``locator``.</doc>
<msg timestamp="20220819 10:21:16.341" level="INFO">Typing text 'ThisIsNotAPassword' into text field 'xpath=//*[@id="txt-password"]'.</msg>
<status status="PASS" starttime="20220819 10:21:16.341" endtime="20220819 10:21:16.392"/>
</kw>
<kw name="Click Element" library="SeleniumLibrary">
<arg>xpath=//*[@id="btn-login"]</arg>
<doc>Click the element identified by ``locator``.</doc>
<msg timestamp="20220819 10:21:16.392" level="INFO">Clicking element 'xpath=//*[@id="btn-login"]'.</msg>
<status status="PASS" starttime="20220819 10:21:16.392" endtime="20220819 10:21:16.982"/>
</kw>
<status status="PASS" starttime="20220819 10:21:12.057" endtime="20220819 10:21:16.982"/>
</kw>
<kw name="Select From List By Label" library="SeleniumLibrary">
<arg>xpath=//*[@id="combo_facility"]</arg>
<arg>Hongkong CURA Healthcare Center</arg>
<doc>Selects options from selection list ``locator`` by ``labels``.</doc>
<msg timestamp="20220819 10:21:16.983" level="INFO">Selecting options from selection list 'xpath=//*[@id="combo_facility"]' by label Hongkong CURA Healthcare Center.</msg>
<status status="PASS" starttime="20220819 10:21:16.983" endtime="20220819 10:21:17.033"/>
</kw>
<kw name="Click Element" library="SeleniumLibrary">
<arg>xpath=//*[@id="chk_hospotal_readmission"]</arg>
<doc>Click the element identified by ``locator``.</doc>
<msg timestamp="20220819 10:21:17.033" level="INFO">Clicking element 'xpath=//*[@id="chk_hospotal_readmission"]'.</msg>
<status status="PASS" starttime="20220819 10:21:17.033" endtime="20220819 10:21:17.060"/>
</kw>
<kw name="Click Element" library="SeleniumLibrary">
<arg>xpath=//*[@id="radio_program_medicaid"]</arg>
<doc>Click the element identified by ``locator``.</doc>
<msg timestamp="20220819 10:21:17.060" level="INFO">Clicking element 'xpath=//*[@id="radio_program_medicaid"]'.</msg>
<status status="PASS" starttime="20220819 10:21:17.060" endtime="20220819 10:21:17.085"/>
</kw>
<kw name="Click Element" library="SeleniumLibrary">
<arg>xpath=//section[@id="appointment"]/div/div/form/div[4]/div/div/div/span</arg>
<doc>Click the element identified by ``locator``.</doc>
<msg timestamp="20220819 10:21:17.086" level="INFO">Clicking element 'xpath=//section[@id="appointment"]/div/div/form/div[4]/div/div/div/span'.</msg>
<status status="PASS" starttime="20220819 10:21:17.085" endtime="20220819 10:21:17.118"/>
</kw>
<kw name="Click Element" library="SeleniumLibrary">
<arg>xpath=(.//*[normalize-space(text()) and normalize-space(.)="Sa"])[1]/following::td[25]</arg>
<doc>Click the element identified by ``locator``.</doc>
<msg timestamp="20220819 10:21:17.118" level="INFO">Clicking element 'xpath=(.//*[normalize-space(text()) and normalize-space(.)="Sa"])[1]/following::td[25]'.</msg>
<status status="PASS" starttime="20220819 10:21:17.118" endtime="20220819 10:21:17.143"/>
</kw>
<kw name="Input Text" library="SeleniumLibrary">
<arg>xpath=//*[@id="txt_comment"]</arg>
<arg>${comment}</arg>
<doc>Types the given ``text`` into the text field identified by ``locator``.</doc>
<msg timestamp="20220819 10:21:17.143" level="INFO">Typing text 'comment 2' into text field 'xpath=//*[@id="txt_comment"]'.</msg>
<status status="PASS" starttime="20220819 10:21:17.143" endtime="20220819 10:21:17.185"/>
</kw>
<kw name="Click Element" library="SeleniumLibrary">
<arg>xpath=//*[@id="btn-book-appointment"]</arg>
<doc>Click the element identified by ``locator``.</doc>
<msg timestamp="20220819 10:21:17.185" level="INFO">Clicking element 'xpath=//*[@id="btn-book-appointment"]'.</msg>
<status status="PASS" starttime="20220819 10:21:17.185" endtime="20220819 10:21:17.505"/>
</kw>
<kw name="Element Text Should Be" library="SeleniumLibrary">
<arg>xpath=//*[@id="summary"]/div/div/div[1]/h2</arg>
<arg>Appointment Confirmation</arg>
<doc>Verifies that element ``locator`` contains exact the text ``expected``.</doc>
<msg timestamp="20220819 10:21:17.505" level="INFO">Verifying element 'xpath=//*[@id="summary"]/div/div/div[1]/h2' contains exact text 'Appointment Confirmation'.</msg>
<status status="PASS" starttime="20220819 10:21:17.505" endtime="20220819 10:21:17.525"/>
</kw>
<status status="PASS" starttime="20220819 10:21:12.056" endtime="20220819 10:21:17.525"/>
</kw>
<kw name="Close Browser" library="SeleniumLibrary" type="TEARDOWN">
<doc>Closes the current browser.</doc>
<status status="PASS" starttime="20220819 10:21:17.525" endtime="20220819 10:21:19.592"/>
</kw>
<status status="PASS" starttime="20220819 10:21:06.561" endtime="20220819 10:21:19.592"/>
</test>
<status status="PASS" starttime="20220819 10:21:06.414" endtime="20220819 10:21:19.593"/>
</suite>
<statistics>
<total>
<stat pass="1" fail="0" skip="0">All Tests</stat>
</total>
<tag>
</tag>
<suite>
<stat pass="1" fail="0" skip="0" id="s1" name="3 0 Make Appoiment Dd">3 0 Make Appoiment Dd</stat>
</suite>
</statistics>
<errors>
</errors>
</robot>
